# JRE version: OpenJDK Runtime Environment (8.0_162-b12) (build 1.8.0_162-8u162-b12-0ubuntu0.16.04.2-b12)
# Java VM: OpenJDK 64-Bit Server VM (25.162-b12 mixed mode linux-amd64 compressed oops)
Heap:
 PSYoungGen      total 122368K, used 83547K [0x00000000eab00000, 0x00000000f4c00000, 0x0000000100000000)
  eden space 110080K, 64% used [0x00000000eab00000,0x00000000ef09eda0,0x00000000f1680000)
  from space 12288K, 99% used [0x00000000f4000000,0x00000000f4bf8050,0x00000000f4c00000)
  to   space 20992K, 0% used [0x00000000f2300000,0x00000000f2300000,0x00000000f3780000)
 ParOldGen       total 57344K, used 48209K [0x00000000c0000000, 0x00000000c3800000, 0x00000000eab00000)
  object space 57344K, 84% used [0x00000000c0000000,0x00000000c2f145f0,0x00000000c3800000)
 Metaspace       used 44985K, capacity 47416K, committed 47616K, reserved 1089536K
  class space    used 6018K, capacity 6645K, committed 6656K, reserved 1048576K
GC Heap History (10 events):
Event: 14135.004 GC heap before
{Heap before GC invocations=22 (full 2):
 PSYoungGen      total 145408K, used 145168K [0x00000000eab00000, 0x00000000f5a00000, 0x0000000100000000)
  eden space 133632K, 100% used [0x00000000eab00000,0x00000000f2d80000,0x00000000f2d80000)
  from space 11776K, 97% used [0x00000000f4900000,0x00000000f5444070,0x00000000f5480000)
  to   space 5632K, 0% used [0x00000000f5480000,0x00000000f5480000,0x00000000f5a00000)
 ParOldGen       total 57344K, used 37465K [0x00000000c0000000, 0x00000000c3800000, 0x00000000eab00000)
  object space 57344K, 65% used [0x00000000c0000000,0x00000000c2496608,0x00000000c3800000)
 Metaspace       used 44128K, capacity 46354K, committed 46592K, reserved 1089536K
  class space    used 5985K, capacity 6584K, committed 6656K, reserved 1048576K
Event: 14135.033 GC heap after
Heap after GC invocations=22 (full 2):
 PSYoungGen      total 134144K, used 5616K [0x00000000eab00000, 0x00000000f5a00000, 0x0000000100000000)
  eden space 128512K, 0% used [0x00000000eab00000,0x00000000eab00000,0x00000000f2880000)
  from space 5632K, 99% used [0x00000000f5480000,0x00000000f59fc050,0x00000000f5a00000)
  to   space 14336K, 0% used [0x00000000f3e00000,0x00000000f3e00000,0x00000000f4c00000)
 ParOldGen       total 57344K, used 38385K [0x00000000c0000000, 0x00000000c3800000, 0x00000000eab00000)
  object space 57344K, 66% used [0x00000000c0000000,0x00000000c257c7d0,0x00000000c3800000)
 Metaspace       used 44128K, capacity 46354K, committed 46592K, reserved 1089536K
  class space    used 5985K, capacity 6584K, committed 6656K, reserved 1048576K
}
Event: 14635.614 GC heap before
{Heap before GC invocations=23 (full 2):
 PSYoungGen      total 134144K, used 134128K [0x00000000eab00000, 0x00000000f5a00000, 0x0000000100000000)
  eden space 128512K, 100% used [0x00000000eab00000,0x00000000f2880000,0x00000000f2880000)
  from space 5632K, 99% used [0x00000000f5480000,0x00000000f59fc050,0x00000000f5a00000)
  to   space 14336K, 0% used [0x00000000f3e00000,0x00000000f3e00000,0x00000000f4c00000)
 ParOldGen       total 57344K, used 38385K [0x00000000c0000000, 0x00000000c3800000, 0x00000000eab00000)
  object space 57344K, 66% used [0x00000000c0000000,0x00000000c257c7d0,0x00000000c3800000)
 Metaspace       used 44414K, capacity 46800K, committed 46848K, reserved 1089536K
  class space    used 6007K, capacity 6625K, committed 6656K, reserved 1048576K
Event: 14635.642 GC heap after
Heap after GC invocations=23 (full 2):
 PSYoungGen      total 137216K, used 13584K [0x00000000eab00000, 0x00000000f5500000, 0x0000000100000000)
  eden space 123392K, 0% used [0x00000000eab00000,0x00000000eab00000,0x00000000f2380000)
  from space 13824K, 98% used [0x00000000f3e00000,0x00000000f4b44070,0x00000000f4b80000)
  to   space 9728K, 0% used [0x00000000f4b80000,0x00000000f4b80000,0x00000000f5500000)
 ParOldGen       total 57344K, used 38577K [0x00000000c0000000, 0x00000000c3800000, 0x00000000eab00000)
  object space 57344K, 67% used [0x00000000c0000000,0x00000000c25ac7d0,0x00000000c3800000)
 Metaspace       used 44414K, capacity 46800K, committed 46848K, reserved 1089536K
  class space    used 6007K, capacity 6625K, committed 6656K, reserved 1048576K
}
Event: 14966.736 GC heap before
{Heap before GC invocations=24 (full 2):
 PSYoungGen      total 137216K, used 136976K [0x00000000eab00000, 0x00000000f5500000, 0x0000000100000000)
  eden space 123392K, 100% used [0x00000000eab00000,0x00000000f2380000,0x00000000f2380000)
  from space 13824K, 98% used [0x00000000f3e00000,0x00000000f4b44070,0x00000000f4b80000)
  to   space 9728K, 0% used [0x00000000f4b80000,0x00000000f4b80000,0x00000000f5500000)
 ParOldGen       total 57344K, used 38577K [0x00000000c0000000, 0x00000000c3800000, 0x00000000eab00000)
  object space 57344K, 67% used [0x00000000c0000000,0x00000000c25ac7d0,0x00000000c3800000)
 Metaspace       used 44635K, capacity 47100K, committed 47360K, reserved 1089536K
  class space    used 6011K, capacity 6633K, committed 6656K, reserved 1048576K
Event: 14966.756 GC heap after
Heap after GC invocations=24 (full 2):
 PSYoungGen      total 128512K, used 9696K [0x00000000eab00000, 0x00000000f5500000, 0x0000000100000000)
  eden space 118784K, 0% used [0x00000000eab00000,0x00000000eab00000,0x00000000f1f00000)
  from space 9728K, 99% used [0x00000000f4b80000,0x00000000f54f8050,0x00000000f5500000)
  to   space 18432K, 0% used [0x00000000f3100000,0x00000000f3100000,0x00000000f4300000)
 ParOldGen       total 57344K, used 44313K [0x00000000c0000000, 0x00000000c3800000, 0x00000000eab00000)
  object space 57344K, 77% used [0x00000000c0000000,0x00000000c2b466d0,0x00000000c3800000)
 Metaspace       used 44635K, capacity 47100K, committed 47360K, reserved 1089536K
  class space    used 6011K, capacity 6633K, committed 6656K, reserved 1048576K
}
Event: 15181.817 GC heap before
{Heap before GC invocations=25 (full 2):
 PSYoungGen      total 128512K, used 128480K [0x00000000eab00000, 0x00000000f5500000, 0x0000000100000000)
  eden space 118784K, 100% used [0x00000000eab00000,0x00000000f1f00000,0x00000000f1f00000)
  from space 9728K, 99% used [0x00000000f4b80000,0x00000000f54f8050,0x00000000f5500000)
  to   space 18432K, 0% used [0x00000000f3100000,0x00000000f3100000,0x00000000f4300000)
 ParOldGen       total 57344K, used 44313K [0x00000000c0000000, 0x00000000c3800000, 0x00000000eab00000)
  object space 57344K, 77% used [0x00000000c0000000,0x00000000c2b466d0,0x00000000c3800000)
 Metaspace       used 44853K, capacity 47204K, committed 47360K, reserved 1089536K
  class space    used 6014K, capacity 6641K, committed 6656K, reserved 1048576K
Event: 15181.849 GC heap after
Heap after GC invocations=25 (full 2):
 PSYoungGen      total 129536K, used 15232K [0x00000000eab00000, 0x00000000f4c00000, 0x0000000100000000)
  eden space 114176K, 0% used [0x00000000eab00000,0x00000000eab00000,0x00000000f1a80000)
  from space 15360K, 99% used [0x00000000f3100000,0x00000000f3fe0080,0x00000000f4000000)
  to   space 12288K, 0% used [0x00000000f4000000,0x00000000f4000000,0x00000000f4c00000)
 ParOldGen       total 57344K, used 44865K [0x00000000c0000000, 0x00000000c3800000, 0x00000000eab00000)
  object space 57344K, 78% used [0x00000000c0000000,0x00000000c2bd0700,0x00000000c3800000)
 Metaspace       used 44853K, capacity 47204K, committed 47360K, reserved 1089536K
  class space    used 6014K, capacity 6641K, committed 6656K, reserved 1048576K
}
Event: 17087.763 GC heap before
{Heap before GC invocations=26 (full 2):
 PSYoungGen      total 129536K, used 129408K [0x00000000eab00000, 0x00000000f4c00000, 0x0000000100000000)
  eden space 114176K, 100% used [0x00000000eab00000,0x00000000f1a80000,0x00000000f1a80000)
  from space 15360K, 99% used [0x00000000f3100000,0x00000000f3fe0080,0x00000000f4000000)
  to   space 12288K, 0% used [0x00000000f4000000,0x00000000f4000000,0x00000000f4c00000)
 ParOldGen       total 57344K, used 44865K [0x00000000c0000000, 0x00000000c3800000, 0x00000000eab00000)
  object space 57344K, 78% used [0x00000000c0000000,0x00000000c2bd0700,0x00000000c3800000)
 Metaspace       used 44940K, capacity 47352K, committed 47616K, reserved 1089536K
  class space    used 6017K, capacity 6645K, committed 6656K, reserved 1048576K
Event: 17087.810 GC heap after
Heap after GC invocations=26 (full 2):
 PSYoungGen      total 122368K, used 12256K [0x00000000eab00000, 0x00000000f4c00000, 0x0000000100000000)
  eden space 110080K, 0% used [0x00000000eab00000,0x00000000eab00000,0x00000000f1680000)
  from space 12288K, 99% used [0x00000000f4000000,0x00000000f4bf8050,0x00000000f4c00000)
  to   space 20992K, 0% used [0x00000000f2300000,0x00000000f2300000,0x00000000f3780000)
 ParOldGen       total 57344K, used 48209K [0x00000000c0000000, 0x00000000c3800000, 0x00000000eab00000)
  object space 57344K, 84% used [0x00000000c0000000,0x00000000c2f145f0,0x00000000c3800000)
 Metaspace       used 44940K, capacity 47352K, committed 47616K, reserved 1089536K
  class space    used 6017K, capacity 6645K, committed 6656K, reserved 1048576K
}

